This is XeTeX, Version 3.1415926-2.5-0.9999.3 (TeX Live 2013/Debian) (format=xelatex 2016.4.24)  24 APR 2016 13:51
entering extended mode
 restricted \write18 enabled.
 %&-line parsing enabled.
**AHRS_DCM.tex
(./AHRS_DCM.tex
LaTeX2e <2011/06/27>
Babel <3.9q> and hyphenation patterns for 3 language(s) loaded.
(/home/quad906/texmf/tex/latex/ctex/ctexart.cls
(/home/quad906/texmf/tex/latex/l3kernel/expl3.sty
Package: expl3 2016/03/28 v6468 L3 programming layer (loader) 

(/home/quad906/texmf/tex/latex/l3kernel/expl3-code.tex
Package: expl3 2016/03/28 v6468 L3 programming layer (code)
L3 Module: l3bootstrap 2016/02/12 v6412 L3 Bootstrap code

(/usr/share/texlive/texmf-dist/tex/latex/etex-pkg/etex.sty
Package: etex 1998/03/26 v2.0 eTeX basic definition package (PEB)
\et@xins=\count80
)
L3 Module: l3names 2016/03/11 v6433 L3 Namespace for primitives
L3 Module: l3basics 2015/11/22 v6315 L3 Basic definitions
L3 Module: l3expan 2015/09/10 v5983 L3 Argument expansion
L3 Module: l3tl 2016/03/26 v6465 L3 Token lists
L3 Module: l3str 2016/03/24 v6441 L3 Strings
L3 Module: l3seq 2015/08/05 v5777 L3 Sequences and stacks
L3 Module: l3int 2016/03/24 v6441 L3 Integers
\c_max_int=\count81
\l_tmpa_int=\count82
\l_tmpb_int=\count83
\g_tmpa_int=\count84
\g_tmpb_int=\count85
L3 Module: l3quark 2015/08/17 v5855 L3 Quarks
L3 Module: l3prg 2015/11/01 v6216 L3 Control structures
\g__prg_map_int=\count86
L3 Module: l3clist 2015/09/02 v5901 L3 Comma separated lists
L3 Module: l3token 2016/03/26 v6465 L3 Experimental token manipulation
L3 Module: l3prop 2016/01/05 v6366 L3 Property lists
L3 Module: l3msg 2016/03/26 v6464 L3 Messages
L3 Module: l3file 2016/03/25 v6458 L3 File and I/O operations
\l_iow_line_count_int=\count87
\l__iow_target_count_int=\count88
\l__iow_current_line_int=\count89
\l__iow_current_word_int=\count90
\l__iow_current_indentation_int=\count91
L3 Module: l3skip 2016/01/05 v6366 L3 Dimensions and skips
\c_zero_dim=\dimen102
\c_max_dim=\dimen103
\l_tmpa_dim=\dimen104
\l_tmpb_dim=\dimen105
\g_tmpa_dim=\dimen106
\g_tmpb_dim=\dimen107
\c_zero_skip=\skip41
\c_max_skip=\skip42
\l_tmpa_skip=\skip43
\l_tmpb_skip=\skip44
\g_tmpa_skip=\skip45
\g_tmpb_skip=\skip46
\c_zero_muskip=\muskip10
\c_max_muskip=\muskip11
\l_tmpa_muskip=\muskip12
\l_tmpb_muskip=\muskip13
\g_tmpa_muskip=\muskip14
\g_tmpb_muskip=\muskip15
L3 Module: l3keys 2015/11/17 v6284 L3 Key-value interfaces
\g__keyval_level_int=\count92
\l_keys_choice_int=\count93
L3 Module: l3fp 2016/03/26 v6465 L3 Floating points
\c__fp_leading_shift_int=\count94
\c__fp_middle_shift_int=\count95
\c__fp_trailing_shift_int=\count96
\c__fp_big_leading_shift_int=\count97
\c__fp_big_middle_shift_int=\count98
\c__fp_big_trailing_shift_int=\count99
\c__fp_Bigg_leading_shift_int=\count100
\c__fp_Bigg_middle_shift_int=\count101
\c__fp_Bigg_trailing_shift_int=\count102
L3 Module: l3box 2015/08/09 v5822 L3 Experimental boxes
\c_empty_box=\box26
\l_tmpa_box=\box27
\l_tmpb_box=\box28
\g_tmpa_box=\box29
\g_tmpb_box=\box30
L3 Module: l3coffins 2016/03/24 v6440 L3 Coffin code layer
\l__coffin_internal_box=\box31
\l__coffin_internal_dim=\dimen108
\l__coffin_offset_x_dim=\dimen109
\l__coffin_offset_y_dim=\dimen110
\l__coffin_x_dim=\dimen111
\l__coffin_y_dim=\dimen112
\l__coffin_x_prime_dim=\dimen113
\l__coffin_y_prime_dim=\dimen114
\c_empty_coffin=\box32
\l__coffin_aligned_coffin=\box33
\l__coffin_aligned_internal_coffin=\box34
\l_tmpa_coffin=\box35
\l_tmpb_coffin=\box36
\l__coffin_display_coffin=\box37
\l__coffin_display_coord_coffin=\box38
\l__coffin_display_pole_coffin=\box39
\l__coffin_display_offset_dim=\dimen115
\l__coffin_display_x_dim=\dimen116
\l__coffin_display_y_dim=\dimen117
L3 Module: l3color 2014/08/23 v5354 L3 Experimental color support
L3 Module: l3sys 2015/09/25 v6087 L3 Experimental system/runtime functions
L3 Module: l3candidates 2016/03/25 v6456 L3 Experimental additions to l3kernel
\l__box_top_dim=\dimen118
\l__box_bottom_dim=\dimen119
\l__box_left_dim=\dimen120
\l__box_right_dim=\dimen121
\l__box_top_new_dim=\dimen122
\l__box_bottom_new_dim=\dimen123
\l__box_left_new_dim=\dimen124
\l__box_right_new_dim=\dimen125
\l__box_internal_box=\box40
\l__coffin_bounding_shift_dim=\dimen126
\l__coffin_left_corner_dim=\dimen127
\l__coffin_right_corner_dim=\dimen128
\l__coffin_bottom_corner_dim=\dimen129
\l__coffin_top_corner_dim=\dimen130
\l__coffin_scaled_total_height_dim=\dimen131
\l__coffin_scaled_width_dim=\dimen132
L3 Module: l3luatex 2016/03/26 v6465 L3 Experimental LuaTeX-specific functions
)
(/home/quad906/texmf/tex/latex/l3kernel/l3xdvipdfmx.def
File: l3xdvidpfmx.def 2016/03/26 v6465 L3 Experimental driver: xdvipdfmx
))
Document Class: ctexart 2016/02/02 v2.3 Chinese adapter for class article (CTEX
)
(/home/quad906/texmf/tex/latex/l3packages/xparse/xparse.sty
Package: xparse 2016/03/28 v6468 L3 Experimental document command parser
\l__xparse_current_arg_int=\count103
\l__xparse_m_args_int=\count104
\l__xparse_mandatory_args_int=\count105
\l__xparse_processor_int=\count106
\l__xparse_v_nesting_int=\count107
)
(/home/quad906/texmf/tex/latex/l3packages/l3keys2e/l3keys2e.sty
Package: l3keys2e 2016/03/28 v6468 LaTeX2e option processing using LaTeX3 keys
)
\g__file_internal_ior=\read1

(/home/quad906/texmf/tex/latex/ctex/ctexhook.sty
Package: ctexhook 2016/02/02 v2.3 Document and package hooks (CTEX)
)
(/home/quad906/texmf/tex/latex/ctex/ctexpatch.sty
Package: ctexpatch 2016/02/02 v2.3 Patching commands (CTEX)
)
(/home/quad906/texmf/tex/latex/base/fix-cm.sty
Package: fix-cm 2015/01/14 v1.1t fixes to LaTeX

(/home/quad906/texmf/tex/latex/base/ts1enc.def
File: ts1enc.def 2001/06/05 v3.0e (jk/car/fm) Standard LaTeX file
))
(/home/quad906/texmf/tex/latex/ms/everysel.sty
Package: everysel 2011/10/28 v1.2 EverySelectfont Package (MS)
)
\l__ctex_tmp_int=\count108
\l__ctex_tmp_dim=\dimen133
\l__ctex_tmp_box=\box41

(/home/quad906/texmf/tex/latex/ctex/config/ctexopts.cfg
File: ctexopts.cfg 2016/02/02 v2.3 Option configuration file (CTEX)
)
(/home/quad906/texmf/tex/latex/base/article.cls
Document Class: article 2014/09/29 v1.4h Standard LaTeX document class
(/home/quad906/texmf/tex/latex/base/size10.clo
File: size10.clo 2014/09/29 v1.4h Standard LaTeX file (size option)
)
\c@part=\count109
\c@section=\count110
\c@subsection=\count111
\c@subsubsection=\count112
\c@paragraph=\count113
\c@subparagraph=\count114
\c@figure=\count115
\c@table=\count116
\abovecaptionskip=\skip47
\belowcaptionskip=\skip48
\bibindent=\dimen134
)
.................................................
. LaTeX info: "xparse/define-command"
. 
. Defining command \ctexset with sig. '' on line 375.
.................................................
.................................................
. LaTeX info: "xparse/define-command"
. 
. Defining command \CTEXsetup with sig. '+o>{\TrimSpaces }m' on line 381.
.................................................
.................................................
. LaTeX info: "xparse/define-command"
. 
. Defining command \CTEXoptions with sig. '+o' on line 387.
.................................................

(/home/quad906/texmf/tex/latex/ctex/engine/ctex-engine-xetex.def
File: ctex-engine-xetex.def 2016/02/02 v2.3 XeLaTeX adapter (CTEX)

(/home/quad906/texmf/tex/xelatex/xecjk/xeCJK.sty
Package: xeCJK 2016/02/10 v3.3.4 Typesetting CJK scripts with XeLaTeX

(/home/quad906/texmf/tex/latex/l3packages/xtemplate/xtemplate.sty
Package: xtemplate 2016/03/28 v6468 L3 Experimental prototype document function
s
\l__xtemplate_tmp_dim=\dimen135
\l__xtemplate_tmp_int=\count117
\l__xtemplate_tmp_muskip=\muskip16
\l__xtemplate_tmp_skip=\skip49
)
\l__xeCJK_tmp_int=\count118
\l__xeCJK_tmp_box=\box42
\l__xeCJK_tmp_dim=\dimen136
\l__xeCJK_tmp_skip=\skip50
.................................................
. LaTeX info: "xparse/define-command"
. 
. Defining command \xeCJKShipoutHook with sig. '' on line 151.
.................................................
\g__xeCJK_spacefactor_int=\count119
\l__xeCJK_begin_int=\count120
\l__xeCJK_end_int=\count121
.................................................
. LaTeX info: "xparse/define-command"
. 
. Defining command \makexeCJKactive with sig. '' on line 380.
.................................................
.................................................
. LaTeX info: "xparse/define-command"
. 
. Defining command \makexeCJKinactive with sig. '' on line 381.
.................................................
\c__xeCJK_HalfLeft_class_int=\XeTeXintercharclass4
\c__xeCJK_HalfRight_class_int=\XeTeXintercharclass5
\c__xeCJK_NormalSpace_class_int=\XeTeXintercharclass6
\c__xeCJK_CM_class_int=\XeTeXintercharclass7
\c__xeCJK_HangulJamo_class_int=\XeTeXintercharclass8
.................................................
. LaTeX info: "xparse/define-command"
. 
. Defining command \xeCJKDeclareCharClass with sig. 's>{\TrimSpaces }mm' on
. line 555.
.................................................
.................................................
. LaTeX info: "xparse/define-command"
. 
. Defining command \__xeCJK_set_char_class_aux:Nnw with sig.
. 'm>{\SplitArgument {1}{->}}m' on line 572.
.................................................
.................................................
. LaTeX info: "xparse/define-command"
. 
. Defining command \normalspacedchars with sig. 'm' on line 617.
.................................................
.................................................
. LaTeX info: "xparse/define-command"
. 
. Defining command \xeCJKResetPunctClass with sig. '' on line 624.
.................................................
.................................................
. LaTeX info: "xparse/define-command"
. 
. Defining command \xeCJKResetCharClass with sig. '' on line 632.
.................................................
\g__xeCJK_node_int=\count122
\c__xeCJK_CJK_node_dim=\dimen137
\c__xeCJK_CJK-space_node_dim=\dimen138
\c__xeCJK_default_node_dim=\dimen139
\c__xeCJK_default-space_node_dim=\dimen140
\c__xeCJK_CJK-widow_node_dim=\dimen141
\c__xeCJK_normalspace_node_dim=\dimen142
\l__xeCJK_ccglue_skip=\skip51
\l__xeCJK_ecglue_skip=\skip52
.................................................
. LaTeX info: "xparse/define-command"
. 
. Defining command \xeCJKnobreak with sig. '' on line 1409.
.................................................
\l__xeCJK_widow_penalty_int=\count123
.................................................
. LaTeX info: "xparse/define-command"
. 
. Defining command \xeCJKDeclareSubCJKBlock with sig. 's>{\TrimSpaces
. }m>{\TrimSpaces }m' on line 1605.
.................................................
.................................................
. LaTeX info: "xparse/define-command"
. 
. Defining command \xeCJKCancelSubCJKBlock with sig. 'sm' on line 1616.
.................................................
.................................................
. LaTeX info: "xparse/define-command"
. 
. Defining command \xeCJKRestoreSubCJKBlock with sig. 'sm' on line 1625.
.................................................
.................................................
. LaTeX info: "xparse/define-command"
. 
. Defining command \xeCJKsetwidth with sig. 'smm' on line 1723.
.................................................
.................................................
. LaTeX info: "xparse/define-command"
. 
. Defining command \xeCJKsetkern with sig. 'mmm' on line 1727.
.................................................
.................................................
. xtemplate info: "declare-object-type"
. 
. Declaring object type 'xeCJK/punctuation' taking \c_zero  argument(s) on
. line 1828.
.................................................
\l__xeCJK_fixed_punct_width_dim=\dimen143
\l__xeCJK_mixed_punct_width_dim=\dimen144
\l__xeCJK_middle_punct_width_dim=\dimen145
\l__xeCJK_fixed_margin_width_dim=\dimen146
\l__xeCJK_mixed_margin_width_dim=\dimen147
\l__xeCJK_middle_margin_width_dim=\dimen148
\l__xeCJK_bound_punct_width_dim=\dimen149
\l__xeCJK_bound_margin_width_dim=\dimen150
\l__xeCJK_margin_minimum_dim=\dimen151
\l__xeCJK_kerning_total_width_dim=\dimen152
\l__xeCJK_same_align_margin_dim=\dimen153
\l__xeCJK_different_align_margin_dim=\dimen154
\l__xeCJK_kerning_margin_width_dim=\dimen155
\l__xeCJK_kerning_margin_minimum_dim=\dimen156
\l__xeCJK_bound_dim=\dimen157
\l__xeCJK_reverse_bound_dim=\dimen158
.................................................
. LaTeX info: "xparse/define-command"
. 
. Defining command \xeCJKDeclarePunctStyle with sig. '>{\TrimSpaces }mm' on
. line 2313.
.................................................
.................................................
. LaTeX info: "xparse/define-command"
. 
. Defining command \xeCJKEditPunctStyle with sig. '>{\TrimSpaces }mm' on line
. 2326.
.................................................
.................................................
. LaTeX info: "xparse/define-command"
. 
. Defining command \setCJKfallbackfamilyfont with sig. 'mO{}m' on line 2414.
.................................................
\g__xeCJK_family_int=\count124
.................................................
. LaTeX info: "xparse/define-command"
. 
. Defining command \CJKfamily with sig. 't+t-m' on line 2838.
.................................................
.................................................
. LaTeX info: "xparse/define-command"
. 
. Defining command \__xeCJK_gobble_CJKfamily:wn with sig. 't+t-m' on line
. 2852.
.................................................
.................................................
. LaTeX info: "xparse/define-command"
. 
. Defining command \setCJKmainfont with sig. 'O{}m' on line 2902.
.................................................
.................................................
. LaTeX info: "xparse/define-command"
. 
. Defining command \setCJKsansfont with sig. 'O{}m' on line 2908.
.................................................
.................................................
. LaTeX info: "xparse/define-command"
. 
. Defining command \setCJKmonofont with sig. 'O{}m' on line 2913.
.................................................
.................................................
. LaTeX info: "xparse/define-command"
. 
. Defining command \setCJKfamilyfont with sig. 'mO{}m' on line 2920.
.................................................
.................................................
. LaTeX info: "xparse/define-command"
. 
. Defining command \newCJKfontfamily with sig. 'omO{}m' on line 2926.
.................................................
.................................................
. LaTeX info: "xparse/define-command"
. 
. Defining command \CJKfontspec with sig. 'O{}m' on line 2931.
.................................................
.................................................
. LaTeX info: "xparse/define-command"
. 
. Defining command \defaultCJKfontfeatures with sig. 'm' on line 2954.
.................................................
.................................................
. LaTeX info: "xparse/define-command"
. 
. Defining command \addCJKfontfeatures with sig. 'sO{}m' on line 2960.
.................................................
.................................................
. LaTeX info: "xparse/define-command"
. 
. Defining command \setCJKmathfont with sig. 'O{}m' on line 3130.
.................................................
\l__xeCJK_verb_case_int=\count125
.................................................
. LaTeX info: "xparse/define-command"
. 
. Defining command \xeCJKVerbAddon with sig. '' on line 3283.
.................................................
.................................................
. LaTeX info: "xparse/define-command"
. 
. Defining command \xeCJKOffVerbAddon with sig. '' on line 3287.
.................................................
\l__xeCJK_verb_exspace_skip=\skip53

(/home/quad906/texmf/tex/latex/fontspec/fontspec.sty
Package: fontspec 2016/02/01 v2.5a Font selection for XeLaTeX and LuaLaTeX

(/home/quad906/texmf/tex/latex/fontspec/fontspec-xetex.sty
Package: fontspec-xetex 2016/02/01 v2.5a Font selection for XeLaTeX and LuaLaTe
X
\l_fontspec_script_int=\count126
\l_fontspec_language_int=\count127
\l_fontspec_strnum_int=\count128
\l__fontspec_tmpa_dim=\dimen159
\l__fontspec_tmpb_dim=\dimen160
\l__fontspec_tmpc_dim=\dimen161

(/home/quad906/texmf/tex/latex/base/fontenc.sty
Package: fontenc 2005/09/27 v1.99g Standard LaTeX package

(/home/quad906/texmf/tex/latex/euenc/eu1enc.def
File: eu1enc.def 2010/05/27 v0.1h Experimental Unicode font encodings
)
LaTeX Font Info:    Try loading font information for EU1+lmr on input line 105.


(/home/quad906/texmf/tex/latex/euenc/eu1lmr.fd
File: eu1lmr.fd 2009/10/30 v1.6 Font defs for Latin Modern
))
(/home/quad906/texmf/tex/xelatex/xunicode/xunicode.sty
File: xunicode.sty 2011/09/09 v0.981 provides access to latin accents and many 
other characters in Unicode lower plane

(/usr/share/texmf/tex/latex/tipa/t3enc.def
File: t3enc.def 2001/12/31 T3 encoding
LaTeX Font Info:    Try loading font information for EU1+lmss on input line 357
.

(/home/quad906/texmf/tex/latex/euenc/eu1lmss.fd
File: eu1lmss.fd 2009/10/30 v1.6 Font defs for Latin Modern
))
\tipaTiiicode=\count129
\tipasavetokens=\toks14
\tipachecktokens=\toks15

(/home/quad906/texmf/tex/latex/graphics/graphicx.sty
Package: graphicx 2014/10/28 v1.0g Enhanced LaTeX Graphics (DPC,SPQR)

(/home/quad906/texmf/tex/latex/graphics/keyval.sty
Package: keyval 2014/10/28 v1.15 key=value parser (DPC)
\KV@toks@=\toks16
)
(/home/quad906/texmf/tex/latex/graphics/graphics.sty
Package: graphics 2016/01/03 v1.0q Standard LaTeX Graphics (DPC,SPQR)

(/home/quad906/texmf/tex/latex/graphics/trig.sty
Package: trig 2016/01/03 v1.10 sin cos tan (DPC)
)
(/home/quad906/texmf/tex/latex/latexconfig/graphics.cfg
File: graphics.cfg 2010/04/23 v1.9 graphics configuration of TeX Live
)
Package graphics Info: Driver file: xetex.def on input line 95.

(/home/quad906/texmf/tex/xelatex/xetex-def/xetex.def
File: xetex.def 2015/09/11 v4.06 LaTeX color/graphics driver for XeTeX (TeX Liv
e/RRM/JK)

(/home/quad906/texmf/tex/generic/oberdiek/infwarerr.sty
Package: infwarerr 2010/04/08 v1.3 Providing info/warning/error messages (HO)
)
(/home/quad906/texmf/tex/generic/oberdiek/ltxcmds.sty
Package: ltxcmds 2011/11/09 v1.22 LaTeX kernel commands for general use (HO)
)))
\Gin@req@height=\dimen162
\Gin@req@width=\dimen163
))
.................................................
. LaTeX info: "xparse/define-command"
. 
. Defining command \__fontspec_post_arg:w with sig. 'mmO{}' on line 353.
.................................................
.................................................
. LaTeX info: "xparse/define-command"
. 
. Defining command \fontspec with sig. 'om' on line 355.
.................................................
.................................................
. LaTeX info: "xparse/define-command"
. 
. Defining command \setmainfont with sig. 'om' on line 365.
.................................................
.................................................
. LaTeX info: "xparse/define-command"
. 
. Defining command \setsansfont with sig. 'om' on line 375.
.................................................
.................................................
. LaTeX info: "xparse/define-command"
. 
. Defining command \setmonofont with sig. 'om' on line 385.
.................................................
.................................................
. LaTeX info: "xparse/define-command"
. 
. Defining command \setmathrm with sig. 'om' on line 399.
.................................................
.................................................
. LaTeX info: "xparse/define-command"
. 
. Defining command \setboldmathrm with sig. 'om' on line 407.
.................................................
.................................................
. LaTeX info: "xparse/define-command"
. 
. Defining command \setmathsf with sig. 'om' on line 415.
.................................................
.................................................
. LaTeX info: "xparse/define-command"
. 
. Defining command \setmathtt with sig. 'om' on line 423.
.................................................
.................................................
. LaTeX info: "xparse/define-command"
. 
. Defining command \newfontfamily with sig. 'mom' on line 437.
.................................................
.................................................
. LaTeX info: "xparse/define-command"
. 
. Defining command \newfontface with sig. 'mom' on line 453.
.................................................
.................................................
. LaTeX info: "xparse/define-command"
. 
. Defining command \defaultfontfeatures with sig. 't+om' on line 467.
.................................................
.................................................
. LaTeX info: "xparse/define-command"
. 
. Defining command \addfontfeatures with sig. 'm' on line 529.
.................................................
.................................................
. LaTeX info: "xparse/define-command"
. 
. Defining command \newfontfeature with sig. 'mm' on line 540.
.................................................
.................................................
. LaTeX info: "xparse/define-command"
. 
. Defining command \newAATfeature with sig. 'mmmm' on line 548.
.................................................
.................................................
. LaTeX info: "xparse/define-command"
. 
. Defining command \newopentypefeature with sig. 'mmm' on line 556.
.................................................
.................................................
. LaTeX info: "xparse/define-command"
. 
. Defining command \aliasfontfeature with sig. 'mm' on line 577.
.................................................
.................................................
. LaTeX info: "xparse/define-command"
. 
. Defining command \aliasfontfeatureoption with sig. 'mmm' on line 586.
.................................................
.................................................
. LaTeX info: "xparse/define-command"
. 
. Defining command \newfontscript with sig. 'mm' on line 590.
.................................................
.................................................
. LaTeX info: "xparse/define-command"
. 
. Defining command \newfontlanguage with sig. 'mm' on line 594.
.................................................
.................................................
. LaTeX info: "xparse/define-command"
. 
. Defining command \DeclareFontsExtensions with sig. 'm' on line 599.
.................................................
\l__fontspec_tmp_int=\count130

(/home/quad906/texmf/tex/latex/fontspec/fontspec.cfg)
LaTeX Info: Redefining \itshape on input line 2705.
LaTeX Info: Redefining \slshape on input line 2710.
LaTeX Info: Redefining \scshape on input line 2715.
LaTeX Info: Redefining \upshape on input line 2720.
\l__fontspec_em_int=\count131
\l__fontspec_emdef_int=\count132
LaTeX Info: Redefining \em on input line 2736.
LaTeX Info: Redefining \emph on input line 2742.
LaTeX Info: Redefining \- on input line 2746.
.................................................
. LaTeX info: "xparse/redefine-command"
. 
. Redefining command \oldstylenums with sig. 'm' on line 2841.
.................................................
.................................................
. LaTeX info: "xparse/define-command"
. 
. Defining command \liningnums with sig. 'm' on line 2845.
.................................................
))
(/home/quad906/texmf/tex/xelatex/xecjk/xunicode-addon.sty
Package: xunicode-addon 2016/02/10 v3.3.4 addon file for xunicode
.................................................
. LaTeX info: "xparse/redefine-command"
. 
. Redefining command \ReloadXunicode with sig. 'm' on line 87.
.................................................
.................................................
. LaTeX info: "xparse/redefine-command"
. 
. Redefining command \DeclareUTFmathsymbols with sig. 'm' on line 132.
.................................................
.................................................
. LaTeX info: "xparse/redefine-command"
. 
. Redefining command \UseMathAsText with sig. '' on line 141.
.................................................
.................................................
. LaTeX info: "xparse/redefine-command"
. 
. Redefining command \UndeclareUTFcharacter with sig. 'O{\UTFencname }mm' on
. line 176.
.................................................
.................................................
. LaTeX info: "xparse/redefine-command"
. 
. Redefining command \UndeclareUTFcomposite with sig. 'O{\UTFencname }mmm' on
. line 183.
.................................................
.................................................
. LaTeX info: "xparse/redefine-command"
. 
. Redefining command \DeclareUTFcharacter with sig. 'O{\UTFencname }mm' on
. line 210.
.................................................
.................................................
. LaTeX info: "xparse/define-command"
. 
. Defining command \DeclareUTFSymbol with sig. 'mO{\UTFencname }m' on line
. 236.
.................................................
.................................................
. LaTeX info: "xparse/define-command"
. 
. Defining command \DeclareUTFCommand with sig. 'mO{\UTFencname }m' on line
. 238.
.................................................
.................................................
. LaTeX info: "xparse/redefine-command"
. 
. Redefining command \DeclareUTFcomposite with sig. 'O{\UTFencname }mmm' on
. line 281.
.................................................
.................................................
. LaTeX info: "xparse/define-command"
. 
. Defining command \DeclareUTFCompositeCommand with sig. 'mO{\UTFencname }mm'
. on line 294.
.................................................
.................................................
. LaTeX info: "xparse/define-command"
. 
. Defining command \DeclareUTFCompositeSymbol with sig. 'mO{\UTFencname }mm'
. on line 299.
.................................................
.................................................
. LaTeX info: "xparse/define-command"
. 
. Defining command \DeclareUTFComposite with sig. 'mO{\UTFencname }' on line
. 301.
.................................................
.................................................
. LaTeX info: "xparse/define-command"
. 
. Defining command \DeclareUTFEncodedAccent with sig. 'mO{\UTFencname }mm' on
. line 303.
.................................................
.................................................
. LaTeX info: "xparse/define-command"
. 
. Defining command \DeclareUTFEncodedAccents with sig. 'mO{\UTFencname }mm' on
. line 305.
.................................................
.................................................
. LaTeX info: "xparse/define-command"
. 
. Defining command \DeclareUTFEncodedSymbol with sig. 'mO{\UTFencname }mm' on
. line 307.
.................................................
.................................................
. LaTeX info: "xparse/define-command"
. 
. Defining command \DeclareUTFEncodedCircle with sig. 'mO{\UTFencname }mm' on
. line 309.
.................................................
.................................................
. LaTeX info: "xparse/redefine-command"
. 
. Redefining command \DeclareEncodedCompositeCharacter with sig. 'mmmm' on
. line 311.
.................................................
.................................................
. LaTeX info: "xparse/redefine-command"
. 
. Redefining command \DeclareEncodedCompositeAccents with sig. 'mmmm' on line
. 313.
.................................................
.................................................
. LaTeX info: "xparse/define-command"
. 
. Defining command \DeclareUTFDoubleEncodedAccent with sig. 'mO{\UTFencname
. }mm' on line 315.
.................................................
.................................................
. LaTeX info: "xparse/define-command"
. 
. Defining command \DeclareUTFDoubleEncodedSymbol with sig. 'mO{\UTFencname
. }mm' on line 317.
.................................................
\l__xunadd_tmp_coffin=\box43
\l__xunadd_circle_coffin=\box44
.................................................
. LaTeX info: "xparse/define-command"
. 
. Defining command \settextcircledratio with sig. 'm' on line 468.
.................................................
.................................................
. LaTeX info: "xparse/define-command"
. 
. Defining command \AtBeginUTFCommand with sig. 'sO{}+m' on line 537.
.................................................
.................................................
. LaTeX info: "xparse/define-command"
. 
. Defining command \AtEndUTFCommand with sig. 'sO{}+m' on line 547.
.................................................
.................................................
. LaTeX info: "xparse/define-command"
. 
. Defining command \DeclareUTFTIPACommand with sig. 'O{\UTFencname }m' on line
. 579.
.................................................
)
(/home/quad906/texmf/tex/xelatex/xunicode/xunicode.sty
File: xunicode.sty 2011/09/09 v0.981 provides access to latin accents and many 
other characters in Unicode lower plane

*** Reloading Xunicode for encoding 'EU1' ***
) (/home/quad906/texmf/tex/xelatex/xecjk/xunicode-extra.def
File: xunicode-extra.def 2016/02/10 v3.3.4 extra definition for xunicode
)
.................................................
. LaTeX info: "xparse/define-command"
. 
. Defining command \xeCJKsetup with sig. '+m' on line 3588.
.................................................
.................................................
. LaTeX info: "xparse/define-command"
. 
. Defining command \xeCJKsetemboldenfactor with sig. 'm' on line 3590.
.................................................
.................................................
. LaTeX info: "xparse/define-command"
. 
. Defining command \xeCJKsetslantfactor with sig. 'm' on line 3592.
.................................................
.................................................
. LaTeX info: "xparse/define-command"
. 
. Defining command \punctstyle with sig. 'm' on line 3593.
.................................................
.................................................
. LaTeX info: "xparse/define-command"
. 
. Defining command \xeCJKplainchr with sig. '' on line 3594.
.................................................
.................................................
. LaTeX info: "xparse/define-command"
. 
. Defining command \CJKsetecglue with sig. 'm' on line 3595.
.................................................
.................................................
. LaTeX info: "xparse/define-command"
. 
. Defining command \CJKspace with sig. '' on line 3597.
.................................................
.................................................
. LaTeX info: "xparse/define-command"
. 
. Defining command \CJKnospace with sig. '' on line 3598.
.................................................
.................................................
. LaTeX info: "xparse/define-command"
. 
. Defining command \xeCJKallowbreakbetweenpuncts with sig. '' on line 3600.
.................................................
.................................................
. LaTeX info: "xparse/define-command"
. 
. Defining command \xeCJKnobreakbetweenpuncts with sig. '' on line 3602.
.................................................
.................................................
. LaTeX info: "xparse/define-command"
. 
. Defining command \xeCJKenablefallback with sig. '' on line 3604.
.................................................
.................................................
. LaTeX info: "xparse/define-command"
. 
. Defining command \xeCJKdisablefallback with sig. '' on line 3606.
.................................................
.................................................
. LaTeX info: "xparse/define-command"
. 
. Defining command \xeCJKsetcharclass with sig. 'mmm' on line 3611.
.................................................
.................................................
. LaTeX info: "xparse/redefine-command"
. 
. Redefining command \nobreakspace with sig. '' on line 3730.
.................................................
.................................................
. LaTeX info: "xparse/redefine-command"
. 
. Redefining command \fontfamily with sig. 'm' on line 3776.
.................................................

(/home/quad906/texmf/tex/xelatex/xecjk/xeCJK.cfg
File: xeCJK.cfg 2016/02/10 v3.3.4 Configuration file for xeCJK package
))
(/home/quad906/texmf/tex/xelatex/xecjk/xeCJKfntef.sty
Package: xeCJKfntef 2016/02/10 v3.3.4 xeCJK font effect

(/usr/share/texlive/texmf-dist/tex/generic/ulem/ulem.sty
\UL@box=\box45
\UL@hyphenbox=\box46
\UL@skip=\skip54
\UL@hook=\toks17
\UL@height=\dimen164
\UL@pe=\count133
\UL@pixel=\dimen165
\ULC@box=\box47
Package: ulem 2012/05/18
\ULdepth=\dimen166
)
(/home/quad906/texmf/tex/latex/environ/environ.sty
Package: environ 2014/05/04 v0.3 A new way to define environments

(/home/quad906/texmf/tex/latex/trimspaces/trimspaces.sty
Package: trimspaces 2009/09/17 v1.1 Trim spaces around a token list
)
\@envbody=\toks18
)
\l__xeCJK_space_skip=\skip55
\c__xeCJK_ulem-left_node_dim=\dimen167
\c__xeCJK_null_box=\box48
.................................................
. LaTeX info: "xparse/define-command"
. 
. Defining command \xeCJKfntefon with sig. 'st-so' on line 590.
.................................................
.................................................
. LaTeX info: "xparse/define-command"
. 
. Defining command \CJKunderline with sig. 'st-so' on line 609.
.................................................
.................................................
. LaTeX info: "xparse/define-command"
. 
. Defining command \varCJKunderline with sig. '' on line 611.
.................................................
.................................................
. LaTeX info: "xparse/define-command"
. 
. Defining command \CJKunderwave with sig. 'st-so' on line 621.
.................................................
.................................................
. LaTeX info: "xparse/define-command"
. 
. Defining command \CJKunderdblline with sig. 'st-so' on line 645.
.................................................
.................................................
. LaTeX info: "xparse/define-command"
. 
. Defining command \CJKsout with sig. 'st-so' on line 664.
.................................................
.................................................
. LaTeX info: "xparse/define-command"
. 
. Defining command \CJKxout with sig. 'st-so' on line 681.
.................................................
.................................................
. LaTeX info: "xparse/define-command"
. 
. Defining command \CJKunderanyline with sig. 'st-somm' on line 702.
.................................................
\l__xeCJK_fntef_box=\box49
.................................................
. LaTeX info: "xparse/define-command"
. 
. Defining command \CJKunderanysymbol with sig. 'ommm' on line 874.
.................................................
.................................................
. LaTeX info: "xparse/define-command"
. 
. Defining command \CJKunderdot with sig. 'om' on line 883.
.................................................
\l__xeCJK_under_symbol_box=\box50
.................................................
. LaTeX info: "xparse/define-environment"
. 
. Defining environment 'CJKfilltwosides' with sig. 'O{c}m' on line 977.
.................................................
\c__xeCJK_filll_skip=\skip56
)
\ccwd=\dimen168
\l__ctex_ccglue_skip=\skip57
)
.................................................
. LaTeX info: "xparse/define-command"
. 
. Defining command \CTEXsetfont with sig. '' on line 415.
.................................................
.................................................
. LaTeX info: "xparse/define-command"
. 
. Defining command \ziju with sig. 'm' on line 487.
.................................................
\l__ctex_ziju_dim=\dimen169
.................................................
. LaTeX info: "xparse/define-command"
. 
. Defining command \CTEXindent with sig. '' on line 528.
.................................................
.................................................
. LaTeX info: "xparse/define-command"
. 
. Defining command \CTEXnoindent with sig. '' on line 534.
.................................................

(/home/quad906/texmf/tex/latex/zhnumber/zhnumber.sty
Package: zhnumber 2016/02/02 v2.3 Typesetting numbers with Chinese glyphs
.................................................
. LaTeX info: "xparse/define-command"
. 
. Defining command \zhnumber with sig. '+o+m' on line 45.
.................................................
.................................................
. LaTeX info: "xparse/define-command"
. 
. Defining command \zhnumberwithoptions with sig. '+m+m' on line 52.
.................................................
.................................................
. LaTeX info: "xparse/define-command"
. 
. Defining command \zhnum with sig. '+o+m' on line 106.
.................................................
.................................................
. LaTeX info: "xparse/define-command"
. 
. Defining command \zhnumwithoptions with sig. '+m+m' on line 113.
.................................................
.................................................
. LaTeX info: "xparse/define-command"
. 
. Defining command \zhdigits with sig. '+s+o+m' on line 291.
.................................................
.................................................
. LaTeX info: "xparse/define-command"
. 
. Defining command \zhdigitswithoptions with sig. '+m+m+m' on line 298.
.................................................
.................................................
. LaTeX info: "xparse/define-command"
. 
. Defining command \zhdate with sig. '+s+m' on line 357.
.................................................
\l__zhnum_scale_int=\count134
.................................................
. LaTeX info: "xparse/define-command"
. 
. Defining command \zhnumExtendScaleMap with sig. '>{\TrimSpaces }+o+m' on
. line 467.
.................................................
.................................................
. LaTeX info: "xparse/define-command"
. 
. Defining command \zhnumsetup with sig. '+m' on line 898.
.................................................

(/home/quad906/texmf/tex/latex/zhnumber/zhnumber-utf8.cfg
File: zhnumber-utf8.cfg 2016/02/02 v2.3 Chinese numerals with UTF8 encoding
))
.................................................
. LaTeX info: "xparse/define-command"
. 
. Defining command \CTEXnumber with sig. 'mm' on line 549.
.................................................
.................................................
. LaTeX info: "xparse/define-command"
. 
. Defining command \CTEXdigits with sig. 'mm' on line 551.
.................................................
.................................................
. LaTeX info: "xparse/define-command"
. 
. Defining command \ctex_assign_heading_name:nn with sig. 'm>{\SplitArgument
. {\c_one }{,}}+m' on line 665.
.................................................
.................................................
. LaTeX info: "xparse/redefine-command"
. 
. Redefining command \refstepcounter with sig. 'm' on line 1050.
.................................................

(/home/quad906/texmf/tex/latex/ctex/scheme/ctex-scheme-chinese-article.def
File: ctex-scheme-chinese-article.def 2016/02/02 v2.3 Chinese scheme for articl
e (CTEX)

(/home/quad906/texmf/tex/latex/ctex/config/ctex-name-utf8.cfg
File: ctex-name-utf8.cfg 2016/02/02 v2.3 Caption with encoding UTF8 (CTEX)
))
.................................................
. LaTeX info: "xparse/define-command"
. 
. Defining command \zihao with sig. 'm' on line 1053.
.................................................
.................................................
. LaTeX info: "xparse/define-command"
. 
. Defining command \CTeX with sig. '' on line 1157.
.................................................

(/home/quad906/texmf/tex/latex/ctex/fontset/ctex-fontset-fandol.def
File: ctex-fontset-fandol.def 2016/02/02 v2.3 Fandol fonts definition (CTEX)

*************************************************
* fontspec warning: "script-not-exist"
* 
* Font 'FandolSong-Regular' does not contain script 'CJK'.
*************************************************
\g__fontspec_family_FandolSong-Regular_int=\count135
.................................................
. fontspec info: "defining-font"
. 
. Font family 'FandolSong-Regular(0)' created for font 'FandolSong-Regular'
. with options
. [Script={CJK},Extension={.otf},BoldFont={FandolSong-Bold},ItalicFont={FandolK
ai-Regular}].
. 
. This font family consists of the following NFSS series/shapes:
. - 'normal' (m/n) with NFSS spec.: <->"[FandolSong-Regular.otf]/OT:"
. - 'small caps'  (m/sc) with NFSS spec.: - 'bold' (bx/n) with NFSS spec.:
. <->"[FandolSong-Bold.otf]/OT:"
. - 'bold small caps'  (bx/sc) with NFSS spec.: - 'italic' (m/it) with NFSS
. spec.: <->"[FandolKai-Regular.otf]/OT:"
. - 'italic small caps'  (m/itsc) with NFSS spec.: 
.................................................
.................................................
. LaTeX info: "xparse/define-command"
. 
. Defining command \songti with sig. '' on line 97.
.................................................
.................................................
. LaTeX info: "xparse/define-command"
. 
. Defining command \heiti with sig. '' on line 98.
.................................................
.................................................
. LaTeX info: "xparse/define-command"
. 
. Defining command \fangsong with sig. '' on line 99.
.................................................
.................................................
. LaTeX info: "xparse/define-command"
. 
. Defining command \kaishu with sig. '' on line 100.
.................................................
)) (/home/quad906/texmf/tex/latex/ctex/config/ctex.cfg
File: ctex.cfg 2016/02/02 v2.3 Configuration file (CTEX)
)
(/home/quad906/texmf/tex/latex/hyperref/hyperref.sty
Package: hyperref 2012/11/06 v6.83m Hypertext links for LaTeX

(/home/quad906/texmf/tex/generic/oberdiek/hobsub-hyperref.sty
Package: hobsub-hyperref 2012/05/28 v1.13 Bundle oberdiek, subset hyperref (HO)


(/home/quad906/texmf/tex/generic/oberdiek/hobsub-generic.sty
Package: hobsub-generic 2012/05/28 v1.13 Bundle oberdiek, subset generic (HO)
Package: hobsub 2012/05/28 v1.13 Construct package bundles (HO)
Package hobsub Info: Skipping package `infwarerr' (already loaded).
Package hobsub Info: Skipping package `ltxcmds' (already loaded).
Package: ifluatex 2010/03/01 v1.3 Provides the ifluatex switch (HO)
Package ifluatex Info: LuaTeX not detected.
Package: ifvtex 2010/03/01 v1.5 Detect VTeX and its facilities (HO)
Package ifvtex Info: VTeX not detected.
Package: intcalc 2007/09/27 v1.1 Expandable calculations with integers (HO)
Package: ifpdf 2011/01/30 v2.3 Provides the ifpdf switch (HO)
Package ifpdf Info: pdfTeX in PDF mode is not detected.
Package: etexcmds 2011/02/16 v1.5 Avoid name clashes with e-TeX commands (HO)
Package etexcmds Info: Could not find \expanded.
(etexcmds)             That can mean that you are not using pdfTeX 1.50 or
(etexcmds)             that some package has redefined \expanded.
(etexcmds)             In the latter case, load this package earlier.
Package: kvsetkeys 2012/04/25 v1.16 Key value parser (HO)
Package: kvdefinekeys 2011/04/07 v1.3 Define keys (HO)
Package: pdftexcmds 2011/11/29 v0.20 Utility functions of pdfTeX for LuaTeX (HO
)
Package pdftexcmds Info: LuaTeX not detected.
Package pdftexcmds Info: pdfTeX >= 1.30 not detected.
Package pdftexcmds Info: \pdf@primitive is available.
Package pdftexcmds Info: \pdf@ifprimitive is available.
Package pdftexcmds Info: \pdfdraftmode not found.
Package: pdfescape 2011/11/25 v1.13 Implements pdfTeX's escape features (HO)
Package: bigintcalc 2012/04/08 v1.3 Expandable calculations on big integers (HO
)
Package: bitset 2011/01/30 v1.1 Handle bit-vector datatype (HO)
Package: uniquecounter 2011/01/30 v1.2 Provide unlimited unique counter (HO)
)
Package hobsub Info: Skipping package `hobsub' (already loaded).
Package: letltxmacro 2010/09/02 v1.4 Let assignment for LaTeX macros (HO)
Package: hopatch 2012/05/28 v1.2 Wrapper for package hooks (HO)
Package: xcolor-patch 2011/01/30 xcolor patch
Package: atveryend 2011/06/30 v1.8 Hooks at the very end of document (HO)
Package atveryend Info: \enddocument detected (standard20110627).
Package: atbegshi 2011/10/05 v1.16 At begin shipout hook (HO)
Package: refcount 2011/10/16 v3.4 Data extraction from label references (HO)
Package: hycolor 2011/01/30 v1.7 Color options for hyperref/bookmark (HO)
)
(/usr/share/texlive/texmf-dist/tex/generic/ifxetex/ifxetex.sty
Package: ifxetex 2010/09/12 v0.6 Provides ifxetex conditional
)
(/home/quad906/texmf/tex/latex/oberdiek/auxhook.sty
Package: auxhook 2011/03/04 v1.3 Hooks for auxiliary files (HO)
)
(/home/quad906/texmf/tex/latex/oberdiek/kvoptions.sty
Package: kvoptions 2011/06/30 v3.11 Key value format for package options (HO)
)
\@linkdim=\dimen170
\Hy@linkcounter=\count136
\Hy@pagecounter=\count137

(/home/quad906/texmf/tex/latex/hyperref/pd1enc.def
File: pd1enc.def 2012/11/06 v6.83m Hyperref: PDFDocEncoding definition (HO)
)
\Hy@SavedSpaceFactor=\count138

(/home/quad906/texmf/tex/latex/latexconfig/hyperref.cfg
File: hyperref.cfg 2002/06/06 v1.2 hyperref configuration of TeXLive
)
Package hyperref Info: Option `unicode' set `true' on input line 4319.

(/home/quad906/texmf/tex/latex/hyperref/puenc.def
File: puenc.def 2012/11/06 v6.83m Hyperref: PDF Unicode definition (HO)
)
Package hyperref Info: Hyper figures OFF on input line 4443.
Package hyperref Info: Link nesting OFF on input line 4448.
Package hyperref Info: Hyper index ON on input line 4451.
Package hyperref Info: Plain pages OFF on input line 4458.
Package hyperref Info: Backreferencing ON on input line 4461.
Package hyperref Info: Implicit mode ON; LaTeX internals redefined.
Package hyperref Info: Bookmarks ON on input line 4688.

(/home/quad906/texmf/tex/latex/hyperref/backref.sty
Package: backref 2012/07/25 v1.38 Bibliographical back referencing

(/home/quad906/texmf/tex/latex/oberdiek/rerunfilecheck.sty
Package: rerunfilecheck 2011/04/15 v1.7 Rerun checks for auxiliary files (HO)
Package rerunfilecheck Info: Feature \pdfmdfivesum is not available
(rerunfilecheck)             (e.g. pdfTeX or LuaTeX with package `pdftexcmds').

(rerunfilecheck)             Therefore file contents cannot be checked efficien
tly
(rerunfilecheck)             and the loading of the package is aborted.
))
\c@Hy@tempcnt=\count139

(/home/quad906/texmf/tex/latex/url/url.sty
\Urlmuskip=\muskip17
Package: url 2013/09/16  ver 3.4  Verb mode for urls, etc.
)
LaTeX Info: Redefining \url on input line 5041.
\XeTeXLinkMargin=\dimen171

! Font \XeTeXLink@font=pzdr at 0.00002pt not loadable: Metric (TFM) file or ins
talled font not found.
<to be read again> 
                   \relax 
l.5125   \font\XeTeXLink@font=pzdr at 1sp\relax
                                               
I wasn't able to read the size data for this font,
so I will ignore the font specification.
[Wizards can fix TFM files using TFtoPL/PLtoTF.]
You might try inserting a different font spec;
e.g., type `I\font<same font id>=<substitute font name>'.

\Fld@menulength=\count140
\Field@Width=\dimen172
\Fld@charsize=\dimen173
Package hyperref Info: Hyper figures OFF on input line 6295.
Package hyperref Info: Link nesting OFF on input line 6300.
Package hyperref Info: Hyper index ON on input line 6303.
Package hyperref Info: backreferencing ON on input line 6308.
Package hyperref Info: Link coloring OFF on input line 6315.
Package hyperref Info: Link coloring with OCG OFF on input line 6320.
Package hyperref Info: PDF/A mode OFF on input line 6325.
LaTeX Info: Redefining \ref on input line 6365.
LaTeX Info: Redefining \pageref on input line 6369.
\Hy@abspage=\count141
\c@Item=\count142
\c@Hfootnote=\count143
)

Package hyperref Message: Driver (autodetected): hxetex.

(/home/quad906/texmf/tex/latex/hyperref/hxetex.def
File: hxetex.def 2012/11/06 v6.83m Hyperref driver for XeTeX

(/home/quad906/texmf/tex/generic/oberdiek/stringenc.sty
Package: stringenc 2011/12/02 v1.10 Convert strings between diff. encodings (HO
)
)
\pdfm@box=\box51
\c@Hy@AnnotLevel=\count144
\HyField@AnnotCount=\count145
\Fld@listcount=\count146
\c@bookmark@seq@number=\count147
\Hy@SectionHShift=\skip58
)
(/home/quad906/texmf/tex/latex/graphics/color.sty
Package: color 2016/01/03 v1.1b Standard LaTeX Color (DPC)

(/home/quad906/texmf/tex/latex/latexconfig/color.cfg
File: color.cfg 2007/01/18 v1.5 color configuration of teTeX/TeXLive
)
Package color Info: Driver file: xetex.def on input line 143.
)
(/home/quad906/texmf/tex/latex/listings/listings.sty
\lst@mode=\count148
\lst@gtempboxa=\box52
\lst@token=\toks19
\lst@length=\count149
\lst@currlwidth=\dimen174
\lst@column=\count150
\lst@pos=\count151
\lst@lostspace=\dimen175
\lst@width=\dimen176
\lst@newlines=\count152
\lst@lineno=\count153
\lst@maxwidth=\dimen177

(/home/quad906/texmf/tex/latex/listings/lstmisc.sty
File: lstmisc.sty 2015/06/04 1.6 (Carsten Heinz)
\c@lstnumber=\count154
\lst@skipnumbers=\count155
\lst@framebox=\box53
)
(/home/quad906/texmf/tex/latex/listings/listings.cfg
File: listings.cfg 2015/06/04 1.6 listings configuration
))
Package: listings 2015/06/04 1.6 (Carsten Heinz)

(/home/quad906/texmf/tex/latex/listings/lstlang1.sty
File: lstlang1.sty 2015/06/04 1.6 listings language file
)
(/home/quad906/texmf/tex/latex/listings/lstlang1.sty
File: lstlang1.sty 2015/06/04 1.6 listings language file
)
(/home/quad906/texmf/tex/latex/listings/lstmisc.sty
File: lstmisc.sty 2015/06/04 1.6 (Carsten Heinz)
)
(/home/quad906/texmf/tex/xelatex/xecjk/xeCJK-listings.sty
Package: xeCJK-listings 2016/02/10 v3.3.4 xeCJK patch file for listings
\l__xeCJK_listings_max_char_int=\count156
\l__xeCJK_listings_flag_int=\count157
) (./AHRS_DCM.aux)
\openout1 = `AHRS_DCM.aux'.

LaTeX Font Info:    Checking defaults for OML/cmm/m/it on input line 18.
LaTeX Font Info:    ... okay on input line 18.
LaTeX Font Info:    Checking defaults for T1/cmr/m/n on input line 18.
LaTeX Font Info:    ... okay on input line 18.
LaTeX Font Info:    Checking defaults for OT1/cmr/m/n on input line 18.
LaTeX Font Info:    ... okay on input line 18.
LaTeX Font Info:    Checking defaults for OMS/cmsy/m/n on input line 18.
LaTeX Font Info:    ... okay on input line 18.
LaTeX Font Info:    Checking defaults for OMX/cmex/m/n on input line 18.
LaTeX Font Info:    ... okay on input line 18.
LaTeX Font Info:    Checking defaults for U/cmr/m/n on input line 18.
LaTeX Font Info:    ... okay on input line 18.
LaTeX Font Info:    Checking defaults for TS1/cmr/m/n on input line 18.
LaTeX Font Info:    ... okay on input line 18.
LaTeX Font Info:    Checking defaults for EU1/lmr/m/n on input line 18.
LaTeX Font Info:    ... okay on input line 18.
LaTeX Font Info:    Checking defaults for T3/cmr/m/n on input line 18.
LaTeX Font Info:    Try loading font information for T3+cmr on input line 18.

(/usr/share/texmf/tex/latex/tipa/t3cmr.fd
File: t3cmr.fd 2001/12/31 TIPA font definitions
)
LaTeX Font Info:    ... okay on input line 18.
LaTeX Font Info:    Checking defaults for PD1/pdf/m/n on input line 18.
LaTeX Font Info:    ... okay on input line 18.
LaTeX Font Info:    Checking defaults for PU/pdf/m/n on input line 18.
LaTeX Font Info:    ... okay on input line 18.

ABD: EverySelectfont initializing macros
LaTeX Info: Redefining \selectfont on input line 18.
.................................................
. fontspec info: "setup-math"
. 
. Adjusting the maths setup (use [no-math] to avoid this).
.................................................
\symlegacymaths=\mathgroup4
LaTeX Font Info:    Overwriting symbol font `legacymaths' in version `bold'
(Font)                  OT1/cmr/m/n --> OT1/cmr/bx/n on input line 18.
LaTeX Font Info:    Redeclaring math accent \acute on input line 18.
LaTeX Font Info:    Redeclaring math accent \grave on input line 18.
LaTeX Font Info:    Redeclaring math accent \ddot on input line 18.
LaTeX Font Info:    Redeclaring math accent \tilde on input line 18.
LaTeX Font Info:    Redeclaring math accent \bar on input line 18.
LaTeX Font Info:    Redeclaring math accent \breve on input line 18.
LaTeX Font Info:    Redeclaring math accent \check on input line 18.
LaTeX Font Info:    Redeclaring math accent \hat on input line 18.
LaTeX Font Info:    Redeclaring math accent \dot on input line 18.
LaTeX Font Info:    Redeclaring math accent \mathring on input line 18.
LaTeX Font Info:    Redeclaring math symbol \colon on input line 18.
LaTeX Font Info:    Redeclaring math symbol \Gamma on input line 18.
LaTeX Font Info:    Redeclaring math symbol \Delta on input line 18.
LaTeX Font Info:    Redeclaring math symbol \Theta on input line 18.
LaTeX Font Info:    Redeclaring math symbol \Lambda on input line 18.
LaTeX Font Info:    Redeclaring math symbol \Xi on input line 18.
LaTeX Font Info:    Redeclaring math symbol \Pi on input line 18.
LaTeX Font Info:    Redeclaring math symbol \Sigma on input line 18.
LaTeX Font Info:    Redeclaring math symbol \Upsilon on input line 18.
LaTeX Font Info:    Redeclaring math symbol \Phi on input line 18.
LaTeX Font Info:    Redeclaring math symbol \Psi on input line 18.
LaTeX Font Info:    Redeclaring math symbol \Omega on input line 18.
LaTeX Font Info:    Redeclaring math symbol \mathdollar on input line 18.
LaTeX Font Info:    Redeclaring symbol font `operators' on input line 18.
LaTeX Font Info:    Encoding `OT1' has changed to `EU1' for symbol font
(Font)              `operators' in the math version `normal' on input line 18.
LaTeX Font Info:    Overwriting symbol font `operators' in version `normal'
(Font)                  OT1/cmr/m/n --> EU1/lmr/m/n on input line 18.
LaTeX Font Info:    Encoding `OT1' has changed to `EU1' for symbol font
(Font)              `operators' in the math version `bold' on input line 18.
LaTeX Font Info:    Overwriting symbol font `operators' in version `bold'
(Font)                  OT1/cmr/bx/n --> EU1/lmr/m/n on input line 18.
LaTeX Font Info:    Overwriting symbol font `operators' in version `normal'
(Font)                  EU1/lmr/m/n --> EU1/lmr/m/n on input line 18.
LaTeX Font Info:    Overwriting math alphabet `\mathit' in version `normal'
(Font)                  OT1/cmr/m/it --> EU1/lmr/m/it on input line 18.
LaTeX Font Info:    Overwriting math alphabet `\mathbf' in version `normal'
(Font)                  OT1/cmr/bx/n --> EU1/lmr/bx/n on input line 18.
LaTeX Font Info:    Overwriting math alphabet `\mathsf' in version `normal'
(Font)                  OT1/cmss/m/n --> EU1/lmss/m/n on input line 18.
LaTeX Font Info:    Overwriting math alphabet `\mathtt' in version `normal'
(Font)                  OT1/cmtt/m/n --> EU1/lmtt/m/n on input line 18.
LaTeX Font Info:    Overwriting symbol font `operators' in version `bold'
(Font)                  EU1/lmr/m/n --> EU1/lmr/bx/n on input line 18.
LaTeX Font Info:    Overwriting math alphabet `\mathit' in version `bold'
(Font)                  OT1/cmr/bx/it --> EU1/lmr/bx/it on input line 18.
LaTeX Font Info:    Overwriting math alphabet `\mathsf' in version `bold'
(Font)                  OT1/cmss/bx/n --> EU1/lmss/bx/n on input line 18.
LaTeX Font Info:    Overwriting math alphabet `\mathtt' in version `bold'
(Font)                  OT1/cmtt/m/n --> EU1/lmtt/bx/n on input line 18.
\AtBeginShipoutBox=\box54
Package hyperref Info: Link coloring OFF on input line 18.

(/home/quad906/texmf/tex/latex/hyperref/nameref.sty
Package: nameref 2012/10/27 v2.43 Cross-referencing by name of section

(/home/quad906/texmf/tex/generic/oberdiek/gettitlestring.sty
Package: gettitlestring 2010/12/03 v1.4 Cleanup title references (HO)
)
\c@section@level=\count158
)
LaTeX Info: Redefining \ref on input line 18.
LaTeX Info: Redefining \pageref on input line 18.
LaTeX Info: Redefining \nameref on input line 18.
 (./AHRS_DCM.out) (./AHRS_DCM.out)
\@outlinefile=\write3
\openout3 = `AHRS_DCM.out'.

\c@lstlisting=\count159
LaTeX Font Info:    External font `cmex10' loaded for size
(Font)              <7> on input line 44.
LaTeX Font Info:    External font `cmex10' loaded for size
(Font)              <5> on input line 44.
 [1

]
Overfull \hbox (19.01976pt too wide) in paragraph at lines 95--96
\EU1/lmr/m/n/10 _ins.get_gyro() \EU1/FandolSong-Regular(0)/m/n/10  $\OML/cmm/m
/it/10 ![]$\EU1/FandolSong-Regular(0)/m/n/10 | \EU1/lmr/m/n/10 _omega_P\EU1/Fa
ndolSong-Regular(0)/m/n/10 | \EU1/lmr/m/n/10 _omega_yaw_P \EU1/FandolSong-Regu
lar(0)/m/n/10  \EU1/lmr/m/n/10 _omega_I \EU1/FandolSong-Regular(0)/m/n/10  $\
OML/cmm/m/it/10 ![]$\EU1/FandolSong-Regular(0)/m/n/10 |
 []


Overfull \hbox (1.74002pt too wide) in paragraph at lines 95--96
\EU1/FandolSong-Regular(0)/m/n/10  | \EU1/lmr/m/n/10 _omega_P \EU1/FandolSon
g-Regular(0)/m/n/10  \EU1/lmr/m/n/10 _omega_I \EU1/FandolSong-Regular(0)/m/n/1
0    \EU1/lmr/m/n/10 drift_correction() \EU1/FandolSong-Regular(0)/m/n/10  
\EU1/lmr/m/n/10 ,_omega_yaw_P
 []


Overfull \hbox (1.04001pt too wide) in paragraph at lines 97--98
[]\EU1/FandolSong-Regular(0)/m/n/10      \EU1/lmr/m/n/10 _omega_P \EU1/Fan
dolSong-Regular(0)/m/n/10   \EU1/lmr/m/n/10 _omega \EU1/FandolSong-Regular(0)
/m/n/10    \EU1/lmr/m/n/10 spin_rate \EU1/FandolSong-Regular(0)/m/n/10  \EU
1/lmr/m/n/10 _omega.length()
 []


Overfull \hbox (8.56999pt too wide) in paragraph at lines 97--98
\EU1/FandolSong-Regular(0)/m/n/10  |   \EU1/lmr/m/n/10 spin_rate \EU1/Fando
lSong-Regular(0)/m/n/10      \EU1/lmr/m/n/10 _P_gain \EU1/FandolSong-Regul
ar(0)/m/n/10  \EU1/lmr/m/n/10 ,_P_gain \EU1/FandolSong-Regular(0)/m/n/10   
    \EU1/lmr/m/n/10 _omega_P
 []

[2]
LaTeX Font Info:    External font `cmex10' loaded for size
(Font)              <9> on input line 178.
LaTeX Font Info:    External font `cmex10' loaded for size
(Font)              <6> on input line 178.
 [3]
Overfull \hbox (25.81891pt too wide) in paragraph at lines 199--201
[]\EU1/FandolSong-Regular(0)/m/n/10         |        \EU1/lmr/m
/n/10 PI \EU1/FandolSong-Regular(0)/m/n/10         \EU1/lmr/m/n/10 _ome
ga_I,_omega_P
 []

*************************************************
* fontspec warning: "script-not-exist"
* 
* Font 'FandolFang-Regular' does not contain script 'CJK'.
*************************************************
\g__fontspec_family_FandolFang-Regular_int=\count160
LaTeX Font Info:    Try loading font information for EU1+lmtt on input line 201
.
(/home/quad906/texmf/tex/latex/euenc/eu1lmtt.fd
File: eu1lmtt.fd 2009/10/30 v1.6 Font defs for Latin Modern
)
.................................................
. fontspec info: "defining-font"
. 
. Font family 'FandolFang-Regular(0)' created for font 'FandolFang-Regular'
. with options [Script={CJK},Extension={.otf},AutoFakeBold={4}].
. 
. This font family consists of the following NFSS series/shapes:
. - 'normal' (m/n) with NFSS spec.: <->"[FandolFang-Regular.otf]/OT:"
. - 'small caps'  (m/sc) with NFSS spec.: - 'bold' (bx/n) with NFSS spec.:
. <->"[FandolFang-Regular.otf]/OT:embolden=4;"
. - 'bold small caps'  (bx/sc) with NFSS spec.: 
.................................................
 [4] [5] [6] [7]
Overfull \hbox (7.7689pt too wide) in paragraph at lines 389--390
\EU1/FandolSong-Regular(0)/m/n/10                      
|    \EU1/lmr/m/n/10 AP_InertialSensor.cpp
 []

[8]
Missing character: There is no  in font [lmroman10-regular]:mapping=tex-text!
 [9] [10]
Package atveryend Info: Empty hook `BeforeClearDocument' on input line 537.
 [11]
Package atveryend Info: Empty hook `AfterLastShipout' on input line 537.
 (./AHRS_DCM.aux)
Package atveryend Info: Empty hook `AtVeryEndDocument' on input line 537.
Package atveryend Info: Empty hook `AtEndAfterFileList' on input line 537.
Package atveryend Info: Empty hook `AtVeryVeryEnd' on input line 537.
 ) 
Here is how much of TeX's memory you used:
 27613 strings out of 495655
 528460 string characters out of 6187983
 616920 words of memory out of 5000000
 30581 multiletter control sequences out of 15000+600000
 5745 words of font info for 43 fonts, out of 8000000 for 9000
 14 hyphenation exceptions out of 8191
 65i,11n,77p,10473b,1093s stack positions out of 5000i,500n,10000p,200000b,80000s

Output written on AHRS_DCM.pdf (11 pages).
